\BOOKMARK [0][-]{chapter.1}{Introduction}{}% 1
\BOOKMARK [1][-]{section.1.1}{Arduino}{chapter.1}% 2
\BOOKMARK [1][-]{section.1.2}{Gameduino 2}{chapter.1}% 3
\BOOKMARK [0][-]{chapter.2}{Problem Analysis}{}% 4
\BOOKMARK [0][-]{chapter.3}{Requirements specification}{}% 5
\BOOKMARK [1][-]{subsection.3.0.1}{Gameplay}{chapter.3}% 6
\BOOKMARK [0][-]{chapter.4}{Development Process}{}% 7
\BOOKMARK [1][-]{section.4.1}{Timeplan}{chapter.4}% 8
\BOOKMARK [2][-]{subsection.4.1.1}{Time Boxing}{section.4.1}% 9
\BOOKMARK [1][-]{section.4.2}{Hardware}{chapter.4}% 10
\BOOKMARK [2][-]{subsection.4.2.1}{Nunchuck}{section.4.2}% 11
\BOOKMARK [0][-]{chapter.5}{Overall design}{}% 12
\BOOKMARK [1][-]{section.5.1}{Components}{chapter.5}% 13
\BOOKMARK [2][-]{subsection.5.1.1}{Structure}{section.5.1}% 14
\BOOKMARK [1][-]{section.5.2}{Media}{chapter.5}% 15
\BOOKMARK [2][-]{subsection.5.2.1}{Assets}{section.5.2}% 16
\BOOKMARK [2][-]{subsection.5.2.2}{Sound}{section.5.2}% 17
\BOOKMARK [0][-]{chapter.6}{Implementation and detailed design}{}% 18
\BOOKMARK [1][-]{section.6.1}{Setup}{chapter.6}% 19
\BOOKMARK [1][-]{section.6.2}{Loop}{chapter.6}% 20
\BOOKMARK [1][-]{section.6.3}{Actors}{chapter.6}% 21
\BOOKMARK [2][-]{subsection.6.3.1}{Hero}{section.6.3}% 22
\BOOKMARK [2][-]{subsection.6.3.2}{Enemies}{section.6.3}% 23
\BOOKMARK [1][-]{section.6.4}{Logic}{chapter.6}% 24
\BOOKMARK [1][-]{section.6.5}{Scenes}{chapter.6}% 25
\BOOKMARK [2][-]{subsection.6.5.1}{Generator}{section.6.5}% 26
\BOOKMARK [1][-]{section.6.6}{Optimization}{chapter.6}% 27
\BOOKMARK [2][-]{subsection.6.6.1}{Code Size bloat}{section.6.6}% 28
\BOOKMARK [2][-]{subsection.6.6.2}{Further optimization}{section.6.6}% 29
\BOOKMARK [1][-]{section.6.7}{Game loop}{chapter.6}% 30
\BOOKMARK [2][-]{subsection.6.7.1}{Movement}{section.6.7}% 31
\BOOKMARK [1][-]{section.6.8}{Input}{chapter.6}% 32
\BOOKMARK [0][-]{chapter.7}{Hardware}{}% 33
\BOOKMARK [1][-]{subsection.7.0.1}{input}{chapter.7}% 34
\BOOKMARK [2][-]{subsection.7.0.2}{I2C}{subsection.7.0.1}% 35
\BOOKMARK [0][-]{chapter.8}{Testing and performance analysis}{}% 36
\BOOKMARK [0][-]{chapter.9}{Discussion}{}% 37
\BOOKMARK [1][-]{section.9.1}{Meeting Requirements}{chapter.9}% 38
\BOOKMARK [2][-]{subsection.9.1.1}{Cut content}{section.9.1}% 39
\BOOKMARK [2][-]{subsection.9.1.2}{Additional content}{section.9.1}% 40
\BOOKMARK [0][-]{chapter.10}{Conclusion}{}% 41
\BOOKMARK [1][-]{subsection.10.0.3}{Links}{chapter.10}% 42
\BOOKMARK [0][-]{chapter.11}{Appendices}{}% 43
\BOOKMARK [1][-]{subsection.11.0.4}{Optimization}{chapter.11}% 44
\BOOKMARK [2][-]{subsection.11.0.5}{Requirements}{subsection.11.0.4}% 45
